This file contains any messages produced by compilers while
running configure, to aid debugging if configure makes a mistake.

It was created by ds-generic configure 1.0, which was
generated by GNU Autoconf 2.71.  Invocation command line was

  $ ./configure --prefix=/usr

## --------- ##
## Platform. ##
## --------- ##

hostname = runnervmi13qx
uname -m = x86_64
uname -r = 6.11.0-1018-azure
uname -s = Linux
uname -v = #18~24.04.1-Ubuntu SMP Sat Jun 28 04:46:03 UTC 2025

/usr/bin/uname -p = x86_64
/bin/uname -X     = unknown

/bin/arch              = x86_64
/usr/bin/arch -k       = unknown
/usr/convex/getsysinfo = unknown
/usr/bin/hostinfo      = unknown
/bin/machine           = unknown
/usr/bin/oslevel       = unknown
/bin/universe          = unknown

PATH: /home/runner/work/devicesettings/.codeql-scratch/dbs/cpp/working/autobuild/bin/
PATH: /snap/bin/
PATH: /home/runner/.local/bin/
PATH: /opt/pipx_bin/
PATH: /home/runner/.cargo/bin/
PATH: /home/runner/.config/composer/vendor/bin/
PATH: /usr/local/.ghcup/bin/
PATH: /home/runner/.dotnet/tools/
PATH: /usr/local/sbin/
PATH: /usr/local/bin/
PATH: /usr/sbin/
PATH: /usr/bin/
PATH: /sbin/
PATH: /bin/
PATH: /usr/games/
PATH: /usr/local/games/
PATH: /snap/bin/


## ----------- ##
## Core tests. ##
## ----------- ##

configure:2844: looking for aux files: compile config.guess config.sub ltmain.sh missing install-sh
configure:2857:  trying ./cfg/
configure:2886:   ./cfg/compile found
configure:2886:   ./cfg/config.guess found
configure:2886:   ./cfg/config.sub found
configure:2886:   ./cfg/ltmain.sh found
configure:2886:   ./cfg/missing found
configure:2868:   ./cfg/install-sh found
configure:3019: checking for a BSD-compatible install
configure:3092: result: /usr/bin/install -c
configure:3103: checking whether build environment is sane
configure:3158: result: yes
configure:3317: checking for a race-free mkdir -p
configure:3361: result: /usr/bin/mkdir -p
configure:3368: checking for gawk
configure:3389: found /usr/bin/gawk
configure:3400: result: gawk
configure:3411: checking whether make sets $(MAKE)
configure:3434: result: yes
configure:3464: checking whether make supports nested variables
configure:3482: result: yes
configure:3653: checking build system type
configure:3668: result: x86_64-pc-linux-gnu
configure:3688: checking host system type
configure:3702: result: x86_64-pc-linux-gnu
configure:3743: checking how to print strings
configure:3770: result: printf
configure:3804: checking whether make supports the include directive
configure:3819: make -f confmf.GNU && cat confinc.out
this is the am__doit target
configure:3822: $? = 0
configure:3841: result: yes (GNU style)
configure:3917: checking for gcc
configure:3938: found /home/runner/work/devicesettings/.codeql-scratch/dbs/cpp/working/autobuild/bin/gcc
configure:3949: result: gcc
configure:4302: checking for C compiler version
configure:4311: gcc --version >&5
gcc (Ubuntu 13.3.0-6ubuntu2~24.04) 13.3.0
Copyright (C) 2023 Free Software Foundation, Inc.
This is free software; see the source for copying conditions.  There is NO
warranty; not even for MERCHANTABILITY or FITNESS FOR A PARTICULAR PURPOSE.

configure:4322: $? = 0
configure:4311: gcc -v >&5
Using built-in specs.
COLLECT_GCC=/usr/bin/gcc
COLLECT_LTO_WRAPPER=/usr/libexec/gcc/x86_64-linux-gnu/13/lto-wrapper
OFFLOAD_TARGET_NAMES=nvptx-none:amdgcn-amdhsa
OFFLOAD_TARGET_DEFAULT=1
Target: x86_64-linux-gnu
Configured with: ../src/configure -v --with-pkgversion='Ubuntu 13.3.0-6ubuntu2~24.04' --with-bugurl=file:///usr/share/doc/gcc-13/README.Bugs --enable-languages=c,ada,c++,go,d,fortran,objc,obj-c++,m2 --prefix=/usr --with-gcc-major-version-only --program-suffix=-13 --program-prefix=x86_64-linux-gnu- --enable-shared --enable-linker-build-id --libexecdir=/usr/libexec --without-included-gettext --enable-threads=posix --libdir=/usr/lib --enable-nls --enable-bootstrap --enable-clocale=gnu --enable-libstdcxx-debug --enable-libstdcxx-time=yes --with-default-libstdcxx-abi=new --enable-libstdcxx-backtrace --enable-gnu-unique-object --disable-vtable-verify --enable-plugin --enable-default-pie --with-system-zlib --enable-libphobos-checking=release --with-target-system-zlib=auto --enable-objc-gc=auto --enable-multiarch --disable-werror --enable-cet --with-arch-32=i686 --with-abi=m64 --with-multilib-list=m32,m64,mx32 --enable-multilib --with-tune=generic --enable-offload-targets=nvptx-none=/build/gcc-13-fG75Ri/gcc-13-13.3.0/debian/tmp-nvptx/usr,amdgcn-amdhsa=/build/gcc-13-fG75Ri/gcc-13-13.3.0/debian/tmp-gcn/usr --enable-offload-defaulted --without-cuda-driver --enable-checking=release --build=x86_64-linux-gnu --host=x86_64-linux-gnu --target=x86_64-linux-gnu --with-build-config=bootstrap-lto-lean --enable-link-serialization=2
Thread model: posix
Supported LTO compression algorithms: zlib zstd
gcc version 13.3.0 (Ubuntu 13.3.0-6ubuntu2~24.04) 
... rest of stderr output deleted ...
configure:4322: $? = 0
configure:4311: gcc -V >&5
gcc: error: unrecognized command-line option '-V'
gcc: fatal error: no input files
compilation terminated.
configure:4322: $? = 1
configure:4311: gcc -qversion >&5
gcc: error: unrecognized command-line option '-qversion'; did you mean '--version'?
gcc: fatal error: no input files
compilation terminated.
configure:4322: $? = 1
configure:4311: gcc -version >&5
gcc: error: unrecognized command-line option '-version'
gcc: fatal error: no input files
compilation terminated.
configure:4322: $? = 1
configure:4342: checking whether the C compiler works
configure:4364: gcc    conftest.c  >&5
configure:4368: $? = 0
configure:4418: result: yes
configure:4421: checking for C compiler default output file name
configure:4423: result: a.out
configure:4429: checking for suffix of executables
configure:4436: gcc -o conftest    conftest.c  >&5
configure:4440: $? = 0
configure:4463: result: 
configure:4485: checking whether we are cross compiling
configure:4493: gcc -o conftest    conftest.c  >&5
configure:4497: $? = 0
configure:4504: ./conftest
configure:4508: $? = 0
configure:4523: result: no
configure:4528: checking for suffix of object files
configure:4551: gcc -c   conftest.c >&5
configure:4555: $? = 0
configure:4577: result: o
configure:4581: checking whether the compiler supports GNU C
configure:4601: gcc -c   conftest.c >&5
configure:4601: $? = 0
configure:4611: result: yes
configure:4622: checking whether gcc accepts -g
configure:4643: gcc -c -g  conftest.c >&5
configure:4643: $? = 0
configure:4687: result: yes
configure:4707: checking for gcc option to enable C11 features
configure:4722: gcc  -c -g -O2  conftest.c >&5
configure:4722: $? = 0
configure:4740: result: none needed
configure:4856: checking whether gcc understands -c and -o together
configure:4879: gcc -c conftest.c -o conftest2.o
configure:4882: $? = 0
configure:4879: gcc -c conftest.c -o conftest2.o
configure:4882: $? = 0
configure:4894: result: yes
configure:4913: checking dependency style of gcc
configure:5025: result: gcc3
configure:5040: checking for a sed that does not truncate output
configure:5110: result: /usr/bin/sed
configure:5128: checking for grep that handles long lines and -e
configure:5192: result: /usr/bin/grep
configure:5197: checking for egrep
configure:5265: result: /usr/bin/grep -E
configure:5270: checking for fgrep
configure:5338: result: /usr/bin/grep -F
configure:5374: checking for ld used by gcc
configure:5442: result: /usr/bin/ld
configure:5449: checking if the linker (/usr/bin/ld) is GNU ld
configure:5465: result: yes
configure:5477: checking for BSD- or MS-compatible name lister (nm)
configure:5532: result: /usr/bin/nm -B
configure:5672: checking the name lister (/usr/bin/nm -B) interface
configure:5680: gcc -c -g -O2  conftest.c >&5
configure:5683: /usr/bin/nm -B "conftest.o"
configure:5686: output
0000000000000000 B some_variable
configure:5693: result: BSD nm
configure:5696: checking whether ln -s works
configure:5700: result: yes
configure:5708: checking the maximum length of command line arguments
configure:5840: result: 3145728
configure:5888: checking how to convert x86_64-pc-linux-gnu file names to x86_64-pc-linux-gnu format
configure:5929: result: func_convert_file_noop
configure:5936: checking how to convert x86_64-pc-linux-gnu file names to toolchain format
configure:5957: result: func_convert_file_noop
configure:5964: checking for /usr/bin/ld option to reload object files
configure:5972: result: -r
configure:6051: checking for file
configure:6072: found /usr/bin/file
configure:6083: result: file
configure:6159: checking for objdump
configure:6180: found /usr/bin/objdump
configure:6191: result: objdump
configure:6223: checking how to recognize dependent libraries
configure:6424: result: pass_all
configure:6514: checking for dlltool
configure:6549: result: no
configure:6579: checking how to associate runtime and link libraries
configure:6607: result: printf %s\n
configure:6673: checking for ar
configure:6694: found /usr/bin/ar
configure:6705: result: ar
configure:6758: checking for archiver @FILE support
configure:6776: gcc -c -g -O2  conftest.c >&5
configure:6776: $? = 0
configure:6780: ar cr libconftest.a @conftest.lst >&5
configure:6783: $? = 0
configure:6788: ar cr libconftest.a @conftest.lst >&5
ar: conftest.o: No such file or directory
configure:6791: $? = 1
configure:6803: result: @
configure:6866: checking for strip
configure:6887: found /usr/bin/strip
configure:6898: result: strip
configure:6975: checking for ranlib
configure:6996: found /usr/bin/ranlib
configure:7007: result: ranlib
configure:7109: checking command to parse /usr/bin/nm -B output from gcc object
configure:7263: gcc -c -g -O2  conftest.c >&5
configure:7266: $? = 0
configure:7270: /usr/bin/nm -B conftest.o | /usr/bin/sed -n -e 's/^.*[	 ]\([ABCDGIRSTW][ABCDGIRSTW]*\)[	 ][	 ]*\([_A-Za-z][_A-Za-z0-9]*\)$/\1 \2 \2/p' | /usr/bin/sed '/ __gnu_lto/d' > conftest.nm
configure:7336: gcc -o conftest -g -O2   conftest.c conftstm.o >&5
configure:7339: $? = 0
configure:7377: result: ok
configure:7424: checking for sysroot
configure:7455: result: no
configure:7462: checking for a working dd
configure:7506: result: /usr/bin/dd
configure:7510: checking how to truncate binary pipes
configure:7526: result: /usr/bin/dd bs=4096 count=1
configure:7663: gcc -c -g -O2  conftest.c >&5
configure:7666: $? = 0
configure:7863: checking for mt
configure:7884: found /usr/bin/mt
configure:7895: result: mt
configure:7918: checking if mt is a manifest tool
configure:7925: mt '-?'
configure:7933: result: no
configure:8658: checking for stdio.h
configure:8658: gcc -c -g -O2  conftest.c >&5
configure:8658: $? = 0
configure:8658: result: yes
configure:8658: checking for stdlib.h
configure:8658: gcc -c -g -O2  conftest.c >&5
configure:8658: $? = 0
configure:8658: result: yes
configure:8658: checking for string.h
configure:8658: gcc -c -g -O2  conftest.c >&5
configure:8658: $? = 0
configure:8658: result: yes
configure:8658: checking for inttypes.h
configure:8658: gcc -c -g -O2  conftest.c >&5
configure:8658: $? = 0
configure:8658: result: yes
configure:8658: checking for stdint.h
configure:8658: gcc -c -g -O2  conftest.c >&5
configure:8658: $? = 0
configure:8658: result: yes
configure:8658: checking for strings.h
configure:8658: gcc -c -g -O2  conftest.c >&5
configure:8658: $? = 0
configure:8658: result: yes
configure:8658: checking for sys/stat.h
configure:8658: gcc -c -g -O2  conftest.c >&5
configure:8658: $? = 0
configure:8658: result: yes
configure:8658: checking for sys/types.h
configure:8658: gcc -c -g -O2  conftest.c >&5
configure:8658: $? = 0
configure:8658: result: yes
configure:8658: checking for unistd.h
configure:8658: gcc -c -g -O2  conftest.c >&5
configure:8658: $? = 0
configure:8658: result: yes
configure:8683: checking for dlfcn.h
configure:8683: gcc -c -g -O2  conftest.c >&5
configure:8683: $? = 0
configure:8683: result: yes
configure:8942: checking for objdir
configure:8958: result: .libs
configure:9222: checking if gcc supports -fno-rtti -fno-exceptions
configure:9241: gcc -c -g -O2  -fno-rtti -fno-exceptions conftest.c >&5
cc1: warning: command-line option '-fno-rtti' is valid for C++/D/ObjC++ but not for C
configure:9245: $? = 0
configure:9258: result: no
configure:9622: checking for gcc option to produce PIC
configure:9630: result: -fPIC -DPIC
configure:9638: checking if gcc PIC flag -fPIC -DPIC works
configure:9657: gcc -c -g -O2  -fPIC -DPIC -DPIC conftest.c >&5
configure:9661: $? = 0
configure:9674: result: yes
configure:9703: checking if gcc static flag -static works
configure:9732: result: yes
configure:9747: checking if gcc supports -c -o file.o
configure:9769: gcc -c -g -O2  -o out/conftest2.o conftest.c >&5
configure:9773: $? = 0
configure:9795: result: yes
configure:9803: checking if gcc supports -c -o file.o
configure:9851: result: yes
configure:9884: checking whether the gcc linker (/usr/bin/ld -m elf_x86_64) supports shared libraries
configure:11158: result: yes
configure:11195: checking whether -lc should be explicitly linked in
configure:11204: gcc -c -g -O2  conftest.c >&5
configure:11207: $? = 0
configure:11222: gcc -shared  -fPIC -DPIC conftest.o  -v -Wl,-soname -Wl,conftest -o conftest 2\>\&1 \| /usr/bin/grep  -lc  \>/dev/null 2\>\&1
configure:11225: $? = 0
configure:11239: result: no
configure:11399: checking dynamic linker characteristics
configure:11981: gcc -o conftest -g -O2   -Wl,-rpath -Wl,/foo conftest.c  >&5
configure:11981: $? = 0
configure:12232: result: GNU/Linux ld.so
configure:12354: checking how to hardcode library paths into programs
configure:12379: result: immediate
configure:12931: checking whether stripping libraries is possible
configure:12940: result: yes
configure:12982: checking if libtool supports shared libraries
configure:12984: result: yes
configure:12987: checking whether to build shared libraries
configure:13012: result: yes
configure:13015: checking whether to build static libraries
configure:13019: result: yes
configure:13075: checking whether make supports nested variables
configure:13093: result: yes
configure:13159: checking for gcc
configure:13191: result: gcc
configure:13544: checking for C compiler version
configure:13553: gcc --version >&5
gcc (Ubuntu 13.3.0-6ubuntu2~24.04) 13.3.0
Copyright (C) 2023 Free Software Foundation, Inc.
This is free software; see the source for copying conditions.  There is NO
warranty; not even for MERCHANTABILITY or FITNESS FOR A PARTICULAR PURPOSE.

configure:13564: $? = 0
configure:13553: gcc -v >&5
Using built-in specs.
COLLECT_GCC=/usr/bin/gcc
COLLECT_LTO_WRAPPER=/usr/libexec/gcc/x86_64-linux-gnu/13/lto-wrapper
OFFLOAD_TARGET_NAMES=nvptx-none:amdgcn-amdhsa
OFFLOAD_TARGET_DEFAULT=1
Target: x86_64-linux-gnu
Configured with: ../src/configure -v --with-pkgversion='Ubuntu 13.3.0-6ubuntu2~24.04' --with-bugurl=file:///usr/share/doc/gcc-13/README.Bugs --enable-languages=c,ada,c++,go,d,fortran,objc,obj-c++,m2 --prefix=/usr --with-gcc-major-version-only --program-suffix=-13 --program-prefix=x86_64-linux-gnu- --enable-shared --enable-linker-build-id --libexecdir=/usr/libexec --without-included-gettext --enable-threads=posix --libdir=/usr/lib --enable-nls --enable-bootstrap --enable-clocale=gnu --enable-libstdcxx-debug --enable-libstdcxx-time=yes --with-default-libstdcxx-abi=new --enable-libstdcxx-backtrace --enable-gnu-unique-object --disable-vtable-verify --enable-plugin --enable-default-pie --with-system-zlib --enable-libphobos-checking=release --with-target-system-zlib=auto --enable-objc-gc=auto --enable-multiarch --disable-werror --enable-cet --with-arch-32=i686 --with-abi=m64 --with-multilib-list=m32,m64,mx32 --enable-multilib --with-tune=generic --enable-offload-targets=nvptx-none=/build/gcc-13-fG75Ri/gcc-13-13.3.0/debian/tmp-nvptx/usr,amdgcn-amdhsa=/build/gcc-13-fG75Ri/gcc-13-13.3.0/debian/tmp-gcn/usr --enable-offload-defaulted --without-cuda-driver --enable-checking=release --build=x86_64-linux-gnu --host=x86_64-linux-gnu --target=x86_64-linux-gnu --with-build-config=bootstrap-lto-lean --enable-link-serialization=2
Thread model: posix
Supported LTO compression algorithms: zlib zstd
gcc version 13.3.0 (Ubuntu 13.3.0-6ubuntu2~24.04) 
... rest of stderr output deleted ...
configure:13564: $? = 0
configure:13553: gcc -V >&5
gcc: error: unrecognized command-line option '-V'
gcc: fatal error: no input files
compilation terminated.
configure:13564: $? = 1
configure:13553: gcc -qversion >&5
gcc: error: unrecognized command-line option '-qversion'; did you mean '--version'?
gcc: fatal error: no input files
compilation terminated.
configure:13564: $? = 1
configure:13553: gcc -version >&5
gcc: error: unrecognized command-line option '-version'
gcc: fatal error: no input files
compilation terminated.
configure:13564: $? = 1
configure:13568: checking whether the compiler supports GNU C
configure:13598: result: yes
configure:13609: checking whether gcc accepts -g
configure:13674: result: yes
configure:13694: checking for gcc option to enable C11 features
configure:13727: result: none needed
configure:13843: checking whether gcc understands -c and -o together
configure:13881: result: yes
configure:13900: checking dependency style of gcc
configure:14012: result: gcc3
configure:14096: checking for g++
configure:14117: found /home/runner/work/devicesettings/.codeql-scratch/dbs/cpp/working/autobuild/bin/g++
configure:14128: result: g++
configure:14155: checking for C++ compiler version
configure:14164: g++ --version >&5
g++ (Ubuntu 13.3.0-6ubuntu2~24.04) 13.3.0
Copyright (C) 2023 Free Software Foundation, Inc.
This is free software; see the source for copying conditions.  There is NO
warranty; not even for MERCHANTABILITY or FITNESS FOR A PARTICULAR PURPOSE.

configure:14175: $? = 0
configure:14164: g++ -v >&5
Using built-in specs.
COLLECT_GCC=/usr/bin/g++
COLLECT_LTO_WRAPPER=/usr/libexec/gcc/x86_64-linux-gnu/13/lto-wrapper
OFFLOAD_TARGET_NAMES=nvptx-none:amdgcn-amdhsa
OFFLOAD_TARGET_DEFAULT=1
Target: x86_64-linux-gnu
Configured with: ../src/configure -v --with-pkgversion='Ubuntu 13.3.0-6ubuntu2~24.04' --with-bugurl=file:///usr/share/doc/gcc-13/README.Bugs --enable-languages=c,ada,c++,go,d,fortran,objc,obj-c++,m2 --prefix=/usr --with-gcc-major-version-only --program-suffix=-13 --program-prefix=x86_64-linux-gnu- --enable-shared --enable-linker-build-id --libexecdir=/usr/libexec --without-included-gettext --enable-threads=posix --libdir=/usr/lib --enable-nls --enable-bootstrap --enable-clocale=gnu --enable-libstdcxx-debug --enable-libstdcxx-time=yes --with-default-libstdcxx-abi=new --enable-libstdcxx-backtrace --enable-gnu-unique-object --disable-vtable-verify --enable-plugin --enable-default-pie --with-system-zlib --enable-libphobos-checking=release --with-target-system-zlib=auto --enable-objc-gc=auto --enable-multiarch --disable-werror --enable-cet --with-arch-32=i686 --with-abi=m64 --with-multilib-list=m32,m64,mx32 --enable-multilib --with-tune=generic --enable-offload-targets=nvptx-none=/build/gcc-13-fG75Ri/gcc-13-13.3.0/debian/tmp-nvptx/usr,amdgcn-amdhsa=/build/gcc-13-fG75Ri/gcc-13-13.3.0/debian/tmp-gcn/usr --enable-offload-defaulted --without-cuda-driver --enable-checking=release --build=x86_64-linux-gnu --host=x86_64-linux-gnu --target=x86_64-linux-gnu --with-build-config=bootstrap-lto-lean --enable-link-serialization=2
Thread model: posix
Supported LTO compression algorithms: zlib zstd
gcc version 13.3.0 (Ubuntu 13.3.0-6ubuntu2~24.04) 
... rest of stderr output deleted ...
configure:14175: $? = 0
configure:14164: g++ -V >&5
g++: error: unrecognized command-line option '-V'
g++: fatal error: no input files
compilation terminated.
configure:14175: $? = 1
configure:14164: g++ -qversion >&5
g++: error: unrecognized command-line option '-qversion'; did you mean '--version'?
g++: fatal error: no input files
compilation terminated.
configure:14175: $? = 1
configure:14179: checking whether the compiler supports GNU C++
configure:14199: g++ -c   conftest.cpp >&5
configure:14199: $? = 0
configure:14209: result: yes
configure:14220: checking whether g++ accepts -g
configure:14241: g++ -c -g  conftest.cpp >&5
configure:14241: $? = 0
configure:14285: result: yes
configure:14305: checking for g++ option to enable C++11 features
configure:14320: g++  -c -g -O2  conftest.cpp >&5
conftest.cpp: In function 'int main(int, char**)':
conftest.cpp:189:25: warning: empty parentheses were disambiguated as a function declaration [-Wvexing-parse]
  189 |   cxx11test::delegate d2();
      |                         ^~
conftest.cpp:189:25: note: remove parentheses to default-initialize a variable
  189 |   cxx11test::delegate d2();
      |                         ^~
      |                         --
conftest.cpp:189:25: note: or replace parentheses with braces to value-initialize a variable
configure:14320: $? = 0
configure:14338: result: none needed
configure:14404: checking dependency style of g++
configure:14516: result: gcc3
configure:14549: checking how to run the C++ preprocessor
configure:14571: g++ -E  conftest.cpp
configure:14571: $? = 0
configure:14586: g++ -E  conftest.cpp
conftest.cpp:23:10: fatal error: ac_nonexistent.h: No such file or directory
   23 | #include <ac_nonexistent.h>
      |          ^~~~~~~~~~~~~~~~~~
compilation terminated.
configure:14586: $? = 1
configure: failed program was:
| /* confdefs.h */
| #define PACKAGE_NAME "ds-generic"
| #define PACKAGE_TARNAME "ds-generic"
| #define PACKAGE_VERSION "1.0"
| #define PACKAGE_STRING "ds-generic 1.0"
| #define PACKAGE_BUGREPORT "lakshmim@tataelxsi.co.in"
| #define PACKAGE_URL ""
| #define PACKAGE "ds-generic"
| #define VERSION "1.0"
| #define HAVE_STDIO_H 1
| #define HAVE_STDLIB_H 1
| #define HAVE_STRING_H 1
| #define HAVE_INTTYPES_H 1
| #define HAVE_STDINT_H 1
| #define HAVE_STRINGS_H 1
| #define HAVE_SYS_STAT_H 1
| #define HAVE_SYS_TYPES_H 1
| #define HAVE_UNISTD_H 1
| #define STDC_HEADERS 1
| #define HAVE_DLFCN_H 1
| #define LT_OBJDIR ".libs/"
| /* end confdefs.h.  */
| #include <ac_nonexistent.h>
configure:14613: result: g++ -E
configure:14627: g++ -E  conftest.cpp
configure:14627: $? = 0
configure:14642: g++ -E  conftest.cpp
conftest.cpp:23:10: fatal error: ac_nonexistent.h: No such file or directory
   23 | #include <ac_nonexistent.h>
      |          ^~~~~~~~~~~~~~~~~~
compilation terminated.
configure:14642: $? = 1
configure: failed program was:
| /* confdefs.h */
| #define PACKAGE_NAME "ds-generic"
| #define PACKAGE_TARNAME "ds-generic"
| #define PACKAGE_VERSION "1.0"
| #define PACKAGE_STRING "ds-generic 1.0"
| #define PACKAGE_BUGREPORT "lakshmim@tataelxsi.co.in"
| #define PACKAGE_URL ""
| #define PACKAGE "ds-generic"
| #define VERSION "1.0"
| #define HAVE_STDIO_H 1
| #define HAVE_STDLIB_H 1
| #define HAVE_STRING_H 1
| #define HAVE_INTTYPES_H 1
| #define HAVE_STDINT_H 1
| #define HAVE_STRINGS_H 1
| #define HAVE_SYS_STAT_H 1
| #define HAVE_SYS_TYPES_H 1
| #define HAVE_UNISTD_H 1
| #define STDC_HEADERS 1
| #define HAVE_DLFCN_H 1
| #define LT_OBJDIR ".libs/"
| /* end confdefs.h.  */
| #include <ac_nonexistent.h>
configure:14807: checking for ld used by g++
configure:14875: result: /usr/bin/ld -m elf_x86_64
configure:14882: checking if the linker (/usr/bin/ld -m elf_x86_64) is GNU ld
configure:14898: result: yes
configure:14953: checking whether the g++ linker (/usr/bin/ld -m elf_x86_64) supports shared libraries
configure:16031: result: yes
configure:16067: g++ -c -g -O2  conftest.cpp >&5
configure:16070: $? = 0
configure:16551: checking for g++ option to produce PIC
configure:16559: result: -fPIC -DPIC
configure:16567: checking if g++ PIC flag -fPIC -DPIC works
configure:16586: g++ -c -g -O2  -fPIC -DPIC -DPIC conftest.cpp >&5
configure:16590: $? = 0
configure:16603: result: yes
configure:16626: checking if g++ static flag -static works
configure:16655: result: yes
configure:16667: checking if g++ supports -c -o file.o
configure:16689: g++ -c -g -O2  -o out/conftest2.o conftest.cpp >&5
configure:16693: $? = 0
configure:16715: result: yes
configure:16720: checking if g++ supports -c -o file.o
configure:16768: result: yes
configure:16798: checking whether the g++ linker (/usr/bin/ld -m elf_x86_64) supports shared libraries
configure:16841: result: yes
configure:16983: checking dynamic linker characteristics
configure:17743: result: GNU/Linux ld.so
configure:17808: checking how to hardcode library paths into programs
configure:17833: result: immediate
configure:17875: checking for locale.h
configure:17875: g++ -c -g -O2  conftest.cpp >&5
configure:17875: $? = 0
configure:17875: result: yes
configure:17881: checking for stdlib.h
configure:17881: result: yes
configure:17887: checking for unistd.h
configure:17887: result: yes
configure:17894: checking for dsHALConfig.h
configure:17894: g++ -c -g -O2  conftest.cpp >&5
conftest.cpp:54:10: fatal error: dsHALConfig.h: No such file or directory
   54 | #include <dsHALConfig.h>
      |          ^~~~~~~~~~~~~~~
compilation terminated.
configure:17894: $? = 1
configure: failed program was:
| /* confdefs.h */
| #define PACKAGE_NAME "ds-generic"
| #define PACKAGE_TARNAME "ds-generic"
| #define PACKAGE_VERSION "1.0"
| #define PACKAGE_STRING "ds-generic 1.0"
| #define PACKAGE_BUGREPORT "lakshmim@tataelxsi.co.in"
| #define PACKAGE_URL ""
| #define PACKAGE "ds-generic"
| #define VERSION "1.0"
| #define HAVE_STDIO_H 1
| #define HAVE_STDLIB_H 1
| #define HAVE_STRING_H 1
| #define HAVE_INTTYPES_H 1
| #define HAVE_STDINT_H 1
| #define HAVE_STRINGS_H 1
| #define HAVE_SYS_STAT_H 1
| #define HAVE_SYS_TYPES_H 1
| #define HAVE_UNISTD_H 1
| #define STDC_HEADERS 1
| #define HAVE_DLFCN_H 1
| #define LT_OBJDIR ".libs/"
| #define HAVE_LOCALE_H 1
| #define HAVE_STDLIB_H 1
| #define HAVE_UNISTD_H 1
| /* end confdefs.h.  */
| #include <stddef.h>
| #ifdef HAVE_STDIO_H
| # include <stdio.h>
| #endif
| #ifdef HAVE_STDLIB_H
| # include <stdlib.h>
| #endif
| #ifdef HAVE_STRING_H
| # include <string.h>
| #endif
| #ifdef HAVE_INTTYPES_H
| # include <inttypes.h>
| #endif
| #ifdef HAVE_STDINT_H
| # include <stdint.h>
| #endif
| #ifdef HAVE_STRINGS_H
| # include <strings.h>
| #endif
| #ifdef HAVE_SYS_TYPES_H
| # include <sys/types.h>
| #endif
| #ifdef HAVE_SYS_STAT_H
| # include <sys/stat.h>
| #endif
| #ifdef HAVE_UNISTD_H
| # include <unistd.h>
| #endif
| #include <dsHALConfig.h>
configure:17894: result: no
configure:17960: checking for pkg-config
configure:17983: found /usr/bin/pkg-config
configure:17995: result: /usr/bin/pkg-config
configure:18020: checking pkg-config is at least version 0.9.0
configure:18023: result: yes
configure:18033: checking for glib-2.0 >= 2.24.0
configure:18040: $PKG_CONFIG --exists --print-errors "glib-2.0 >= 2.24.0"
Package glib-2.0 was not found in the pkg-config search path.
Perhaps you should add the directory containing `glib-2.0.pc'
to the PKG_CONFIG_PATH environment variable
Package 'glib-2.0', required by 'virtual:world', not found
configure:18043: $? = 1
configure:18057: $PKG_CONFIG --exists --print-errors "glib-2.0 >= 2.24.0"
Package glib-2.0 was not found in the pkg-config search path.
Perhaps you should add the directory containing `glib-2.0.pc'
to the PKG_CONFIG_PATH environment variable
Package 'glib-2.0', required by 'virtual:world', not found
configure:18060: $? = 1
configure:18074: result: no
Package 'glib-2.0', required by 'virtual:world', not found
configure:18090: error: Package requirements (glib-2.0 >= 2.24.0) were not met:

Package 'glib-2.0', required by 'virtual:world', not found

Consider adjusting the PKG_CONFIG_PATH environment variable if you
installed software in a non-standard prefix.

Alternatively, you may set the environment variables GLIB_CFLAGS
and GLIB_LIBS to avoid the need to call pkg-config.
See the pkg-config man page for more details.

## ---------------- ##
## Cache variables. ##
## ---------------- ##

ac_cv_build=x86_64-pc-linux-gnu
ac_cv_c_compiler_gnu=yes
ac_cv_cxx_compiler_gnu=yes
ac_cv_env_CCC_set=
ac_cv_env_CCC_value=
ac_cv_env_CC_set=
ac_cv_env_CC_value=
ac_cv_env_CFLAGS_set=
ac_cv_env_CFLAGS_value=
ac_cv_env_CPPFLAGS_set=
ac_cv_env_CPPFLAGS_value=
ac_cv_env_CXXCPP_set=
ac_cv_env_CXXCPP_value=
ac_cv_env_CXXFLAGS_set=
ac_cv_env_CXXFLAGS_value=
ac_cv_env_CXX_set=
ac_cv_env_CXX_value=
ac_cv_env_DBUS_CFLAGS_set=
ac_cv_env_DBUS_CFLAGS_value=
ac_cv_env_DBUS_LIBS_set=
ac_cv_env_DBUS_LIBS_value=
ac_cv_env_DIRECT_CFLAGS_set=
ac_cv_env_DIRECT_CFLAGS_value=
ac_cv_env_DIRECT_LIBS_set=
ac_cv_env_DIRECT_LIBS_value=
ac_cv_env_FUSION_CFLAGS_set=
ac_cv_env_FUSION_CFLAGS_value=
ac_cv_env_FUSION_LIBS_set=
ac_cv_env_FUSION_LIBS_value=
ac_cv_env_GLIB_CFLAGS_set=
ac_cv_env_GLIB_CFLAGS_value=
ac_cv_env_GLIB_LIBS_set=
ac_cv_env_GLIB_LIBS_value=
ac_cv_env_GTHREAD_CFLAGS_set=
ac_cv_env_GTHREAD_CFLAGS_value=
ac_cv_env_GTHREAD_LIBS_set=
ac_cv_env_GTHREAD_LIBS_value=
ac_cv_env_LDFLAGS_set=
ac_cv_env_LDFLAGS_value=
ac_cv_env_LIBS_set=
ac_cv_env_LIBS_value=
ac_cv_env_LT_SYS_LIBRARY_PATH_set=
ac_cv_env_LT_SYS_LIBRARY_PATH_value=
ac_cv_env_PKG_CONFIG_LIBDIR_set=
ac_cv_env_PKG_CONFIG_LIBDIR_value=
ac_cv_env_PKG_CONFIG_PATH_set=
ac_cv_env_PKG_CONFIG_PATH_value=
ac_cv_env_PKG_CONFIG_set=
ac_cv_env_PKG_CONFIG_value=
ac_cv_env_build_alias_set=
ac_cv_env_build_alias_value=
ac_cv_env_host_alias_set=
ac_cv_env_host_alias_value=
ac_cv_env_target_alias_set=
ac_cv_env_target_alias_value=
ac_cv_header_dlfcn_h=yes
ac_cv_header_dsHALConfig_h=no
ac_cv_header_inttypes_h=yes
ac_cv_header_locale_h=yes
ac_cv_header_stdint_h=yes
ac_cv_header_stdio_h=yes
ac_cv_header_stdlib_h=yes
ac_cv_header_string_h=yes
ac_cv_header_strings_h=yes
ac_cv_header_sys_stat_h=yes
ac_cv_header_sys_types_h=yes
ac_cv_header_unistd_h=yes
ac_cv_host=x86_64-pc-linux-gnu
ac_cv_objext=o
ac_cv_path_EGREP='/usr/bin/grep -E'
ac_cv_path_FGREP='/usr/bin/grep -F'
ac_cv_path_GREP=/usr/bin/grep
ac_cv_path_SED=/usr/bin/sed
ac_cv_path_ac_pt_PKG_CONFIG=/usr/bin/pkg-config
ac_cv_path_install='/usr/bin/install -c'
ac_cv_path_lt_DD=/usr/bin/dd
ac_cv_path_mkdir=/usr/bin/mkdir
ac_cv_prog_AWK=gawk
ac_cv_prog_CXXCPP='g++ -E'
ac_cv_prog_ac_ct_AR=ar
ac_cv_prog_ac_ct_CC=gcc
ac_cv_prog_ac_ct_CXX=g++
ac_cv_prog_ac_ct_FILECMD=file
ac_cv_prog_ac_ct_MANIFEST_TOOL=mt
ac_cv_prog_ac_ct_OBJDUMP=objdump
ac_cv_prog_ac_ct_RANLIB=ranlib
ac_cv_prog_ac_ct_STRIP=strip
ac_cv_prog_cc_c11=
ac_cv_prog_cc_g=yes
ac_cv_prog_cc_stdc=
ac_cv_prog_cxx_cxx11=
ac_cv_prog_cxx_g=yes
ac_cv_prog_cxx_stdcxx=
ac_cv_prog_make_make_set=yes
am_cv_CC_dependencies_compiler_type=gcc3
am_cv_CXX_dependencies_compiler_type=gcc3
am_cv_make_support_nested_variables=yes
am_cv_prog_cc_c_o=yes
lt_cv_ar_at_file=@
lt_cv_archive_cmds_need_lc=no
lt_cv_deplibs_check_method=pass_all
lt_cv_file_magic_cmd='$MAGIC_CMD'
lt_cv_file_magic_test_file=
lt_cv_ld_reload_flag=-r
lt_cv_nm_interface='BSD nm'
lt_cv_objdir=.libs
lt_cv_path_LD=/usr/bin/ld
lt_cv_path_LDCXX='/usr/bin/ld -m elf_x86_64'
lt_cv_path_NM='/usr/bin/nm -B'
lt_cv_path_mainfest_tool=no
lt_cv_prog_compiler_c_o=yes
lt_cv_prog_compiler_c_o_CXX=yes
lt_cv_prog_compiler_pic='-fPIC -DPIC'
lt_cv_prog_compiler_pic_CXX='-fPIC -DPIC'
lt_cv_prog_compiler_pic_works=yes
lt_cv_prog_compiler_pic_works_CXX=yes
lt_cv_prog_compiler_rtti_exceptions=no
lt_cv_prog_compiler_static_works=yes
lt_cv_prog_compiler_static_works_CXX=yes
lt_cv_prog_gnu_ld=yes
lt_cv_prog_gnu_ldcxx=yes
lt_cv_sharedlib_from_linklib_cmd='printf %s\n'
lt_cv_shlibpath_overrides_runpath=yes
lt_cv_sys_global_symbol_pipe='/usr/bin/sed -n -e '\''s/^.*[	 ]\([ABCDGIRSTW][ABCDGIRSTW]*\)[	 ][	 ]*\([_A-Za-z][_A-Za-z0-9]*\)$/\1 \2 \2/p'\'' | /usr/bin/sed '\''/ __gnu_lto/d'\'''
lt_cv_sys_global_symbol_to_c_name_address='/usr/bin/sed -n -e '\''s/^: \(.*\) .*$/  {"\1", (void *) 0},/p'\'' -e '\''s/^[ABCDGIRSTW][ABCDGIRSTW]* .* \(.*\)$/  {"\1", (void *) \&\1},/p'\'''
lt_cv_sys_global_symbol_to_c_name_address_lib_prefix='/usr/bin/sed -n -e '\''s/^: \(.*\) .*$/  {"\1", (void *) 0},/p'\'' -e '\''s/^[ABCDGIRSTW][ABCDGIRSTW]* .* \(lib.*\)$/  {"\1", (void *) \&\1},/p'\'' -e '\''s/^[ABCDGIRSTW][ABCDGIRSTW]* .* \(.*\)$/  {"lib\1", (void *) \&\1},/p'\'''
lt_cv_sys_global_symbol_to_cdecl='/usr/bin/sed -n -e '\''s/^T .* \(.*\)$/extern int \1();/p'\'' -e '\''s/^[ABCDGIRSTW][ABCDGIRSTW]* .* \(.*\)$/extern char \1;/p'\'''
lt_cv_sys_global_symbol_to_import=
lt_cv_sys_max_cmd_len=3145728
lt_cv_to_host_file_cmd=func_convert_file_noop
lt_cv_to_tool_file_cmd=func_convert_file_noop
lt_cv_truncate_bin='/usr/bin/dd bs=4096 count=1'

## ----------------- ##
## Output variables. ##
## ----------------- ##

ACLOCAL='${SHELL} '\''/home/runner/work/devicesettings/devicesettings/cfg/missing'\'' aclocal-1.16'
AMDEPBACKSLASH='\'
AMDEP_FALSE='#'
AMDEP_TRUE=''
AMTAR='$${TAR-tar}'
AM_BACKSLASH='\'
AM_DEFAULT_V='$(AM_DEFAULT_VERBOSITY)'
AM_DEFAULT_VERBOSITY='0'
AM_V='$(V)'
AR='ar'
AUTOCONF='${SHELL} '\''/home/runner/work/devicesettings/devicesettings/cfg/missing'\'' autoconf'
AUTOHEADER='${SHELL} '\''/home/runner/work/devicesettings/devicesettings/cfg/missing'\'' autoheader'
AUTOMAKE='${SHELL} '\''/home/runner/work/devicesettings/devicesettings/cfg/missing'\'' automake-1.16'
AWK='gawk'
CC='gcc'
CCDEPMODE='depmode=gcc3'
CFLAGS='-g -O2'
CPPFLAGS=''
CSCOPE='cscope'
CTAGS='ctags'
CXX='g++'
CXXCPP='g++ -E'
CXXDEPMODE='depmode=gcc3'
CXXFLAGS='-g -O2'
CYGPATH_W='echo'
DBUS_CFLAGS=''
DBUS_LIBS=''
DEFS=''
DEPDIR='.deps'
DIRECT_CFLAGS=''
DIRECT_LIBS=''
DLLTOOL='false'
DSYMUTIL=''
DUMPBIN=''
ECHO_C=''
ECHO_N='-n'
ECHO_T=''
EGREP='/usr/bin/grep -E'
ETAGS='etags'
EXEEXT=''
FGREP='/usr/bin/grep -F'
FILECMD='file'
FUSION_CFLAGS=''
FUSION_LIBS=''
GLIB_CFLAGS=''
GLIB_LIBS=''
GREP='/usr/bin/grep'
GTHREAD_CFLAGS=''
GTHREAD_LIBS=''
INSTALL_DATA='${INSTALL} -m 644'
INSTALL_PROGRAM='${INSTALL}'
INSTALL_SCRIPT='${INSTALL}'
INSTALL_STRIP_PROGRAM='$(install_sh) -c -s'
LD='/usr/bin/ld -m elf_x86_64'
LDFLAGS=''
LIBOBJS=''
LIBS=''
LIBTOOL='$(SHELL) $(top_builddir)/libtool'
LIPO=''
LN_S='ln -s'
LTLIBOBJS=''
LT_SYS_LIBRARY_PATH=''
MAKEINFO='${SHELL} '\''/home/runner/work/devicesettings/devicesettings/cfg/missing'\'' makeinfo'
MANIFEST_TOOL=':'
MKDIR_P='/usr/bin/mkdir -p'
NM='/usr/bin/nm -B'
NMEDIT=''
OBJDUMP='objdump'
OBJEXT='o'
OTOOL64=''
OTOOL=''
PACKAGE='ds-generic'
PACKAGE_BUGREPORT='lakshmim@tataelxsi.co.in'
PACKAGE_NAME='ds-generic'
PACKAGE_STRING='ds-generic 1.0'
PACKAGE_TARNAME='ds-generic'
PACKAGE_URL=''
PACKAGE_VERSION='1.0'
PATH_SEPARATOR=':'
PKG_CONFIG='/usr/bin/pkg-config'
PKG_CONFIG_LIBDIR=''
PKG_CONFIG_PATH=''
RANLIB='ranlib'
SED='/usr/bin/sed'
SET_MAKE=''
SHELL='/bin/bash'
STRIP='strip'
VERSION='1.0'
ac_ct_AR='ar'
ac_ct_CC='gcc'
ac_ct_CXX='g++'
ac_ct_DUMPBIN=''
am__EXEEXT_FALSE=''
am__EXEEXT_TRUE=''
am__fastdepCC_FALSE='#'
am__fastdepCC_TRUE=''
am__fastdepCXX_FALSE='#'
am__fastdepCXX_TRUE=''
am__include='include'
am__isrc=''
am__leading_dot='.'
am__nodep='_no'
am__quote=''
am__tar='$${TAR-tar} chof - "$$tardir"'
am__untar='$${TAR-tar} xf -'
bindir='${exec_prefix}/bin'
build='x86_64-pc-linux-gnu'
build_alias=''
build_cpu='x86_64'
build_os='linux-gnu'
build_vendor='pc'
datadir='${datarootdir}'
datarootdir='${prefix}/share'
docdir='${datarootdir}/doc/${PACKAGE_TARNAME}'
dvidir='${docdir}'
exec_prefix='NONE'
host='x86_64-pc-linux-gnu'
host_alias=''
host_cpu='x86_64'
host_os='linux-gnu'
host_vendor='pc'
htmldir='${docdir}'
includedir='${prefix}/include'
infodir='${datarootdir}/info'
install_sh='${SHELL} /home/runner/work/devicesettings/devicesettings/cfg/install-sh'
libdir='${exec_prefix}/lib'
libexecdir='${exec_prefix}/libexec'
localedir='${datarootdir}/locale'
localstatedir='${prefix}/var'
mandir='${datarootdir}/man'
mkdir_p='$(MKDIR_P)'
oldincludedir='/usr/include'
pdfdir='${docdir}'
prefix='/usr'
program_transform_name='s,x,x,'
psdir='${docdir}'
runstatedir='${localstatedir}/run'
sbindir='${exec_prefix}/sbin'
sharedstatedir='${prefix}/com'
sysconfdir='${prefix}/etc'
target_alias=''

## ----------- ##
## confdefs.h. ##
## ----------- ##

/* confdefs.h */
#define PACKAGE_NAME "ds-generic"
#define PACKAGE_TARNAME "ds-generic"
#define PACKAGE_VERSION "1.0"
#define PACKAGE_STRING "ds-generic 1.0"
#define PACKAGE_BUGREPORT "lakshmim@tataelxsi.co.in"
#define PACKAGE_URL ""
#define PACKAGE "ds-generic"
#define VERSION "1.0"
#define HAVE_STDIO_H 1
#define HAVE_STDLIB_H 1
#define HAVE_STRING_H 1
#define HAVE_INTTYPES_H 1
#define HAVE_STDINT_H 1
#define HAVE_STRINGS_H 1
#define HAVE_SYS_STAT_H 1
#define HAVE_SYS_TYPES_H 1
#define HAVE_UNISTD_H 1
#define STDC_HEADERS 1
#define HAVE_DLFCN_H 1
#define LT_OBJDIR ".libs/"
#define HAVE_LOCALE_H 1
#define HAVE_STDLIB_H 1
#define HAVE_UNISTD_H 1

configure: exit 1
